 * Serving Flask app 'app'
 * Debug mode: on
WARNING: This is a development server. Do not use it in a production deployment. Use a production WSGI server instead.
 * Running on all addresses (0.0.0.0)
 * Running on http://127.0.0.1:4000
 * Running on http://10.0.0.4:4000
Press CTRL+C to quit
 * Restarting with stat
 * Debugger is active!
 * Debugger PIN: 313-028-363
203.189.252.74 - - [24/Jan/2024 11:15:55] "POST /json-logs-azure HTTP/1.1" 400 -
203.189.252.74 - - [24/Jan/2024 11:16:03] "POST /json-logs-azure HTTP/1.1" 200 -
/home/cockpit/ui/SignUp-mysql/app.py:159: LegacyAPIWarning: The Query.get() method is considered legacy as of the 1.x series of SQLAlchemy and becomes a legacy construct in 2.0. The method is now available as Session.get() (deprecated since: 2.0) (Background on SQLAlchemy 2.0 at: https://sqlalche.me/e/b8d9)
  return User.query.get(int(user_id))
203.189.252.74 - - [24/Jan/2024 11:17:56] "GET / HTTP/1.1" 200 -
203.189.252.74 - - [24/Jan/2024 11:17:56] "GET /static/main.css HTTP/1.1" 200 -
203.189.252.74 - - [24/Jan/2024 11:17:56] "GET /static/k8s.jpg HTTP/1.1" 200 -
203.189.252.74 - - [24/Jan/2024 11:17:58] "GET /logout HTTP/1.1" 302 -
203.189.252.74 - - [24/Jan/2024 11:17:58] "GET /home HTTP/1.1" 200 -
203.189.252.74 - - [24/Jan/2024 11:17:58] "GET /static/main.css HTTP/1.1" 304 -
203.189.252.74 - - [24/Jan/2024 11:17:59] "GET /login HTTP/1.1" 200 -
203.189.252.74 - - [24/Jan/2024 11:17:59] "GET /static/main.css HTTP/1.1" 304 -
203.189.252.74 - - [24/Jan/2024 11:18:03] "POST /login HTTP/1.1" 302 -
203.189.252.74 - - [24/Jan/2024 11:18:03] "GET /final-dashboard HTTP/1.1" 200 -
203.189.252.74 - - [24/Jan/2024 11:18:03] "GET /static/final-dashboard.css HTTP/1.1" 200 -
203.189.252.74 - - [24/Jan/2024 11:18:05] "GET /dashboard-cloud HTTP/1.1" 200 -
203.189.252.74 - - [24/Jan/2024 11:18:05] "GET /static/final-dashboard.css HTTP/1.1" 304 -
203.189.252.74 - - [24/Jan/2024 11:18:07] "GET /show-details-azure HTTP/1.1" 200 -
203.189.252.74 - - [24/Jan/2024 11:18:07] "GET /static/final-dashboard.css HTTP/1.1" 304 -
203.189.252.74 - - [24/Jan/2024 11:18:09] "GET /azure1 HTTP/1.1" 200 -
203.189.252.74 - - [24/Jan/2024 11:18:09] "GET /static/main.css HTTP/1.1" 304 -
203.189.252.74 - - [24/Jan/2024 11:18:09] "GET /static/k8s.jpg HTTP/1.1" 304 -
45.115.105.117 - - [24/Jan/2024 11:19:30] "OPTIONS /json_jobs_azure HTTP/1.1" 200 -
45.115.105.117 - - [24/Jan/2024 11:19:39] "POST /json_jobs_azure HTTP/1.1" 200 -
45.115.105.117 - - [24/Jan/2024 11:21:27] "OPTIONS /json_jobs_azure HTTP/1.1" 200 -
{'created_at': '2024-01-23 13:08:30', 'created_by': 'cockpit-team', 'aks_status': 'success', 'job_name': 'azure_infrastructure', 'job_id': '5987295629', 'job_link': '/logs-azure?job-id=5987295629'}
{'created_at': '2024-01-23 13:35:30', 'created_by': 'cockpit-team', 'aks_status': 'failed', 'job_name': 'azure_infrastructure', 'job_id': '5987464548', 'job_link': '/logs-azure?job-id=5987464548'}
{'created_at': '2024-01-23 13:37:15', 'created_by': 'cockpit-team', 'aks_status': 'failed', 'job_name': 'azure_infrastructure', 'job_id': '5987476273', 'job_link': '/logs-azure?job-id=5987476273'}
{'created_at': '2024-01-23 14:15:04', 'created_by': 'cockpit-team', 'aks_status': 'success', 'job_name': 'azure_infrastructure', 'job_id': '5987744153', 'job_link': '/logs-azure?job-id=5987744153'}
{'created_at': '2024-01-23 15:09:50', 'created_by': 'cockpit-team', 'aks_status': 'success', 'job_name': 'azure_infrastructure', 'job_id': '5988246493', 'job_link': '/logs-azure?job-id=5988246493'}
{'created_at': '2024-01-23 15:17:58', 'created_by': 'cockpit-team', 'aks_status': 'failed', 'job_name': 'azure_infrastructure', 'job_id': '5988330785', 'job_link': '/logs-azure?job-id=5988330785'}
{'created_at': '2024-01-23 15:12:55', 'created_by': 'cockpit-team', 'aks_status': 'success', 'job_name': 'azure_infrastructure', 'job_id': '5988277302', 'job_link': '/logs-azure?job-id=5988277302'}
{'created_at': '2024-01-23 15:25:42', 'created_by': 'cockpit-team', 'aks_status': 'failed', 'job_name': 'azure_infrastructure', 'job_id': '5988410822', 'job_link': '/logs-azure?job-id=5988410822'}
{'created_at': '2024-01-23 15:30:35', 'created_by': 'cockpit-team', 'aks_status': 'failed', 'job_name': 'azure_infrastructure', 'job_id': '5988464945', 'job_link': '/logs-azure?job-id=5988464945'}
{'created_at': '2024-01-23 15:31:05', 'created_by': 'cockpit-team', 'aks_status': 'failed', 'job_name': 'azure_infrastructure', 'job_id': '5988471118', 'job_link': '/logs-azure?job-id=5988471118'}
{'created_at': '2024-01-23 15:38:41', 'created_by': 'cockpit-team', 'aks_status': 'success', 'job_name': 'azure_infrastructure', 'job_id': '5988564535', 'job_link': '/logs-azure?job-id=5988564535'}
{'created_at': '2024-01-23 15:48:01', 'created_by': 'cockpit-team', 'aks_status': 'failed', 'job_name': 'azure_infrastructure', 'job_id': '5988654086', 'job_link': '/logs-azure?job-id=5988654086'}
{'created_at': '2024-01-23 16:21:21', 'created_by': 'cockpit-team', 'aks_status': 'success', 'job_name': 'azure_infrastructure', 'job_id': '5988987090', 'job_link': '/logs-azure?job-id=5988987090'}
{'created_at': '2024-01-23 17:33:28', 'created_by': 'cockpit-team', 'aks_status': 'success', 'job_name': 'azure_infrastructure', 'job_id': '5989629463', 'job_link': '/logs-azure?job-id=5989629463'}
{'created_at': '2024-01-24 10:55:25', 'created_by': 'cockpit-team', 'aks_status': 'success', 'job_name': 'azure_infrastructure', 'job_id': '5997330386', 'job_link': '/logs-azure?job-id=5997330386'}
{'created_at': '2024-01-24 14:09:31', 'created_by': 'cockpit-team', 'aks_status': 'success', 'job_name': 'azure_infrastructure', 'job_id': '5998278601', 'job_link': '/logs-azure?job-id=5998278601'}
{'created_at': '2024-01-24 15:51:36', 'created_by': 'cockpit-team', 'aks_status': 'success', 'job_name': 'azure_infrastructure', 'job_id': '5999183812', 'job_link': '/logs-azure?job-id=5999183812'}
{'created_at': '2024-01-23 13:08:30', 'created_by': 'cockpit-team', 'aks_status': 'success', 'job_name': 'azure_infrastructure', 'job_id': '5987295629', 'job_link': '/logs-azure?job-id=5987295629'}
{'created_at': '2024-01-23 13:35:30', 'created_by': 'cockpit-team', 'aks_status': 'failed', 'job_name': 'azure_infrastructure', 'job_id': '5987464548', 'job_link': '/logs-azure?job-id=5987464548'}
{'created_at': '2024-01-23 13:37:15', 'created_by': 'cockpit-team', 'aks_status': 'failed', 'job_name': 'azure_infrastructure', 'job_id': '5987476273', 'job_link': '/logs-azure?job-id=5987476273'}
{'created_at': '2024-01-23 14:15:04', 'created_by': 'cockpit-team', 'aks_status': 'success', 'job_name': 'azure_infrastructure', 'job_id': '5987744153', 'job_link': '/logs-azure?job-id=5987744153'}
{'created_at': '2024-01-23 13:08:30', 'created_by': 'cockpit-team', 'aks_status': 'success', 'job_name': 'azure_infrastructure', 'job_id': '5987295629', 'job_link': '/logs-azure?job-id=5987295629'}
{'created_at': '2024-01-23 15:09:50', 'created_by': 'cockpit-team', 'aks_status': 'success', 'job_name': 'azure_infrastructure', 'job_id': '5988246493', 'job_link': '/logs-azure?job-id=5988246493'}
{'created_at': '2024-01-23 15:17:58', 'created_by': 'cockpit-team', 'aks_status': 'failed', 'job_name': 'azure_infrastructure', 'job_id': '5988330785', 'job_link': '/logs-azure?job-id=5988330785'}
{'created_at': '2024-01-23 13:35:30', 'created_by': 'cockpit-team', 'aks_status': 'failed', 'job_name': 'azure_infrastructure', 'job_id': '5987464548', 'job_link': '/logs-azure?job-id=5987464548'}
{'created_at': '2024-01-23 15:12:55', 'created_by': 'cockpit-team', 'aks_status': 'success', 'job_name': 'azure_infrastructure', 'job_id': '5988277302', 'job_link': '/logs-azure?job-id=5988277302'}
{'created_at': '2024-01-23 13:37:15', 'created_by': 'cockpit-team', 'aks_status': 'failed', 'job_name': 'azure_infrastructure', 'job_id': '5987476273', 'job_link': '/logs-azure?job-id=5987476273'}
{'created_at': '2024-01-23 15:25:42', 'created_by': 'cockpit-team', 'aks_status': 'failed', 'job_name': 'azure_infrastructure', 'job_id': '5988410822', 'job_link': '/logs-azure?job-id=5988410822'}
{'created_at': '2024-01-23 14:15:04', 'created_by': 'cockpit-team', 'aks_status': 'success', 'job_name': 'azure_infrastructure', 'job_id': '5987744153', 'job_link': '/logs-azure?job-id=5987744153'}
{'created_at': '2024-01-23 15:30:35', 'created_by': 'cockpit-team', 'aks_status': 'failed', 'job_name': 'azure_infrastructure', 'job_id': '5988464945', 'job_link': '/logs-azure?job-id=5988464945'}
{'created_at': '2024-01-23 15:09:50', 'created_by': 'cockpit-team', 'aks_status': 'success', 'job_name': 'azure_infrastructure', 'job_id': '5988246493', 'job_link': '/logs-azure?job-id=5988246493'}
{'created_at': '2024-01-23 15:17:58', 'created_by': 'cockpit-team', 'aks_status': 'failed', 'job_name': 'azure_infrastructure', 'job_id': '5988330785', 'job_link': '/logs-azure?job-id=5988330785'}
{'created_at': '2024-01-23 15:31:05', 'created_by': 'cockpit-team', 'aks_status': 'failed', 'job_name': 'azure_infrastructure', 'job_id': '5988471118', 'job_link': '/logs-azure?job-id=5988471118'}
{'created_at': '2024-01-23 15:12:55', 'created_by': 'cockpit-team', 'aks_status': 'success', 'job_name': 'azure_infrastructure', 'job_id': '5988277302', 'job_link': '/logs-azure?job-id=5988277302'}
{'created_at': '2024-01-23 15:38:41', 'created_by': 'cockpit-team', 'aks_status': 'success', 'job_name': 'azure_infrastructure', 'job_id': '5988564535', 'job_link': '/logs-azure?job-id=5988564535'}
{'created_at': '2024-01-23 15:25:42', 'created_by': 'cockpit-team', 'aks_status': 'failed', 'job_name': 'azure_infrastructure', 'job_id': '5988410822', 'job_link': '/logs-azure?job-id=5988410822'}
{'created_at': '2024-01-23 15:48:01', 'created_by': 'cockpit-team', 'aks_status': 'failed', 'job_name': 'azure_infrastructure', 'job_id': '5988654086', 'job_link': '/logs-azure?job-id=5988654086'}
{'created_at': '2024-01-23 15:30:35', 'created_by': 'cockpit-team', 'aks_status': 'failed', 'job_name': 'azure_infrastructure', 'job_id': '5988464945', 'job_link': '/logs-azure?job-id=5988464945'}
{'created_at': '2024-01-23 16:21:21', 'created_by': 'cockpit-team', 'aks_status': 'success', 'job_name': 'azure_infrastructure', 'job_id': '5988987090', 'job_link': '/logs-azure?job-id=5988987090'}
{'created_at': '2024-01-23 15:31:05', 'created_by': 'cockpit-team', 'aks_status': 'failed', 'job_name': 'azure_infrastructure', 'job_id': '5988471118', 'job_link': '/logs-azure?job-id=5988471118'}
{'created_at': '2024-01-23 17:33:28', 'created_by': 'cockpit-team', 'aks_status': 'success', 'job_name': 'azure_infrastructure', 'job_id': '5989629463', 'job_link': '/logs-azure?job-id=5989629463'}
45.115.105.117 - - [24/Jan/2024 11:21:37] "POST /json_jobs_azure HTTP/1.1" 200 -
45.115.105.117 - - [24/Jan/2024 11:21:38] "POST /json_jobs_azure HTTP/1.1" 200 -
45.115.105.117 - - [24/Jan/2024 11:22:07] "OPTIONS /json_jobs_azure HTTP/1.1" 200 -
45.115.105.117 - - [24/Jan/2024 11:22:17] "POST /json_jobs_azure HTTP/1.1" 200 -
45.115.105.117 - - [24/Jan/2024 11:22:19] "OPTIONS /json-logs-azure HTTP/1.1" 200 -
45.115.105.117 - - [24/Jan/2024 11:22:20] "POST /json-logs-azure HTTP/1.1" 200 -
45.115.105.117 - - [24/Jan/2024 11:24:51] "OPTIONS /json-creation-status-azure HTTP/1.1" 200 -
45.115.105.117 - - [24/Jan/2024 11:24:51] "POST /json-creation-status-azure HTTP/1.1" 200 -
45.115.105.117 - - [24/Jan/2024 11:24:59] "OPTIONS /json-creation-status-aws HTTP/1.1" 200 -
45.115.105.117 - - [24/Jan/2024 11:24:59] "POST /json-creation-status-aws HTTP/1.1" 200 -
45.115.105.117 - - [24/Jan/2024 11:25:05] "OPTIONS /json-creation-status-gcp HTTP/1.1" 200 -
45.115.105.117 - - [24/Jan/2024 11:25:05] "POST /json-creation-status-gcp HTTP/1.1" 200 -
203.189.252.74 - - [24/Jan/2024 11:28:18] "OPTIONS /json-my-cluster-details-azure HTTP/1.1" 200 -
Debugging middleware caught exception in streamed response at a point where response headers were already sent.
Traceback (most recent call last):
  File "/home/cockpit/.local/lib/python3.8/site-packages/mysql/connector/network.py", line 161, in _send_pkt
    sock.sendall(pkt)
  File "/usr/lib/python3.8/ssl.py", line 1233, in sendall
    v = self.send(byte_view[count:])
  File "/usr/lib/python3.8/ssl.py", line 1202, in send
    return self._sslobj.write(data)
BrokenPipeError: [Errno 32] Broken pipe

The above exception was the direct cause of the following exception:

Traceback (most recent call last):
  File "/home/cockpit/.local/lib/python3.8/site-packages/sqlalchemy/engine/base.py", line 1119, in _rollback_impl
    self.engine.dialect.do_rollback(self.connection)
  File "/home/cockpit/.local/lib/python3.8/site-packages/sqlalchemy/engine/default.py", line 692, in do_rollback
    dbapi_connection.rollback()
  File "/home/cockpit/.local/lib/python3.8/site-packages/mysql/connector/connection.py", line 1290, in rollback
    self._execute_query("ROLLBACK")
  File "/home/cockpit/.local/lib/python3.8/site-packages/mysql/connector/connection.py", line 1302, in _execute_query
    self.cmd_query(query)
  File "/home/cockpit/.local/lib/python3.8/site-packages/mysql/connector/opentelemetry/context_propagation.py", line 74, in wrapper
    return method(cnx, *args, **kwargs)
  File "/home/cockpit/.local/lib/python3.8/site-packages/mysql/connector/connection.py", line 855, in cmd_query
    result = self._handle_result(self._send_cmd(ServerCmd.QUERY, query))
  File "/home/cockpit/.local/lib/python3.8/site-packages/mysql/connector/connection.py", line 466, in _send_cmd
    self._socket.send(
  File "/home/cockpit/.local/lib/python3.8/site-packages/mysql/connector/network.py", line 627, in send
    return self._netbroker.send(
  File "/home/cockpit/.local/lib/python3.8/site-packages/mysql/connector/network.py", line 217, in send
    self._send_pkt(
  File "/home/cockpit/.local/lib/python3.8/site-packages/mysql/connector/network.py", line 163, in _send_pkt
    raise OperationalError(
mysql.connector.errors.OperationalError: 2055: Lost connection to MySQL server at '20.207.117.166:3306', system error: 32 Broken pipe

The above exception was the direct cause of the following exception:

Traceback (most recent call last):
  File "/home/cockpit/.local/lib/python3.8/site-packages/flask/app.py", line 2213, in __call__
    return self.wsgi_app(environ, start_response)
  File "/home/cockpit/.local/lib/python3.8/site-packages/flask/app.py", line 2206, in wsgi_app
    ctx.pop(error)
  File "/home/cockpit/.local/lib/python3.8/site-packages/flask/ctx.py", line 417, in pop
    app_ctx.pop(exc)
  File "/home/cockpit/.local/lib/python3.8/site-packages/flask/ctx.py", line 255, in pop
    self.app.do_teardown_appcontext(exc)
  File "/home/cockpit/.local/lib/python3.8/site-packages/flask/app.py", line 2063, in do_teardown_appcontext
    self.ensure_sync(func)(exc)
  File "/home/cockpit/.local/lib/python3.8/site-packages/flask_sqlalchemy/extension.py", line 448, in _teardown_session
    self.session.remove()
  File "/home/cockpit/.local/lib/python3.8/site-packages/sqlalchemy/orm/scoping.py", line 262, in remove
    self.registry().close()
  File "/home/cockpit/.local/lib/python3.8/site-packages/sqlalchemy/orm/session.py", line 2468, in close
    self._close_impl(invalidate=False)
  File "/home/cockpit/.local/lib/python3.8/site-packages/sqlalchemy/orm/session.py", line 2537, in _close_impl
    transaction.close(invalidate)
  File "<string>", line 2, in close
  File "/home/cockpit/.local/lib/python3.8/site-packages/sqlalchemy/orm/state_changes.py", line 139, in _go
    ret_value = fn(self, *arg, **kw)
  File "/home/cockpit/.local/lib/python3.8/site-packages/sqlalchemy/orm/session.py", line 1362, in close
    transaction.close()
  File "/home/cockpit/.local/lib/python3.8/site-packages/sqlalchemy/engine/base.py", line 2576, in close
    self._do_close()
  File "/home/cockpit/.local/lib/python3.8/site-packages/sqlalchemy/engine/base.py", line 2714, in _do_close
    self._close_impl()
  File "/home/cockpit/.local/lib/python3.8/site-packages/sqlalchemy/engine/base.py", line 2700, in _close_impl
    self._connection_rollback_impl()
  File "/home/cockpit/.local/lib/python3.8/site-packages/sqlalchemy/engine/base.py", line 2692, in _connection_rollback_impl
    self.connection._rollback_impl()
  File "/home/cockpit/.local/lib/python3.8/site-packages/sqlalchemy/engine/base.py", line 1121, in _rollback_impl
    self._handle_dbapi_exception(e, None, None, None, None)
  File "/home/cockpit/.local/lib/python3.8/site-packages/sqlalchemy/engine/base.py", line 2343, in _handle_dbapi_exception
    raise sqlalchemy_exception.with_traceback(exc_info[2]) from e
  File "/home/cockpit/.local/lib/python3.8/site-packages/sqlalchemy/engine/base.py", line 1119, in _rollback_impl
    self.engine.dialect.do_rollback(self.connection)
  File "/home/cockpit/.local/lib/python3.8/site-packages/sqlalchemy/engine/default.py", line 692, in do_rollback
    dbapi_connection.rollback()
  File "/home/cockpit/.local/lib/python3.8/site-packages/mysql/connector/connection.py", line 1290, in rollback
    self._execute_query("ROLLBACK")
  File "/home/cockpit/.local/lib/python3.8/site-packages/mysql/connector/connection.py", line 1302, in _execute_query
    self.cmd_query(query)
  File "/home/cockpit/.local/lib/python3.8/site-packages/mysql/connector/opentelemetry/context_propagation.py", line 74, in wrapper
    return method(cnx, *args, **kwargs)
  File "/home/cockpit/.local/lib/python3.8/site-packages/mysql/connector/connection.py", line 855, in cmd_query
    result = self._handle_result(self._send_cmd(ServerCmd.QUERY, query))
  File "/home/cockpit/.local/lib/python3.8/site-packages/mysql/connector/connection.py", line 466, in _send_cmd
    self._socket.send(
  File "/home/cockpit/.local/lib/python3.8/site-packages/mysql/connector/network.py", line 627, in send
    return self._netbroker.send(
  File "/home/cockpit/.local/lib/python3.8/site-packages/mysql/connector/network.py", line 217, in send
    self._send_pkt(
  File "/home/cockpit/.local/lib/python3.8/site-packages/mysql/connector/network.py", line 163, in _send_pkt
    raise OperationalError(
sqlalchemy.exc.OperationalError: (mysql.connector.errors.OperationalError) 2055: Lost connection to MySQL server at '20.207.117.166:3306', system error: 32 Broken pipe
(Background on this error at: https://sqlalche.me/e/20/e3q8)
203.189.252.74 - - [24/Jan/2024 11:28:19] "POST /json-my-cluster-details-azure HTTP/1.1" 500 -
203.189.252.74 - - [24/Jan/2024 11:28:24] "OPTIONS /json-my-cluster-details-azure HTTP/1.1" 200 -
203.189.252.74 - - [24/Jan/2024 11:28:24] "POST /json-my-cluster-details-azure HTTP/1.1" 200 -
45.115.105.117 - - [24/Jan/2024 11:28:50] "OPTIONS /json_jobs_aws HTTP/1.1" 200 -
45.115.105.117 - - [24/Jan/2024 11:28:53] "POST /json_jobs_aws HTTP/1.1" 200 -
45.115.105.117 - - [24/Jan/2024 11:28:57] "OPTIONS /json-logs-aws HTTP/1.1" 200 -
45.115.105.117 - - [24/Jan/2024 11:28:58] "POST /json-logs-aws HTTP/1.1" 200 -
203.189.252.74 - - [24/Jan/2024 11:29:31] "OPTIONS /json_delete_aks HTTP/1.1" 200 -
203.189.252.74 - - [24/Jan/2024 11:29:34] "POST /json_delete_aks HTTP/1.1" 500 -
